<?xml version="1.0" encoding="UTF-8"?>
<!-- Generated by org.testng.reporters.JUnitReportReporter -->
<testsuite name="invoice_Docs.Invoice_Docs" tests="2" time="0.010" ignored="0" failures="0" timestamp="17 Dec 2019 15:15:15 GMT" skipped="0" hostname="ciragalapc" errors="0">
  <testcase name="invoice_Docs_TC2" time="0.001" classname="invoice_Docs.Invoice_Docs"/>
  <testcase name="invoice_Docs_TC1" time="0.009" classname="invoice_Docs.Invoice_Docs"/>
</testsuite> <!-- invoice_Docs.Invoice_Docs -->
