<?xml version="1.0" encoding="UTF-8"?>
<!-- Generated by org.testng.reporters.JUnitReportReporter -->
<testsuite name="login.Login" tests="4" time="0.012" ignored="0" failures="0" timestamp="10 Dec 2019 16:30:55 GMT" skipped="0" hostname="ciragalapc" errors="0">
  <testcase name="login_TC2" time="0.001" classname="login.Login"/>
  <testcase name="login_TC4" time="0.002" classname="login.Login"/>
  <testcase name="login_TC1" time="0.008" classname="login.Login"/>
  <testcase name="login_TC3" time="0.001" classname="login.Login"/>
</testsuite> <!-- login.Login -->
